Started on Dec 1, 2022, 9:54:10 AM
Started by event from 140.82.115.248 ⇒ http://13.235.90.89:8080/github-webhook/ on Thu Dec 01 09:54:09 UTC 2022
Using strategy: Default
[poll] Last Built Revision: Revision 646ebf696d35b19a790ae3278a38f9bbd18d94f0 (refs/remotes/origin/master)
Selected Git installation does not exist. Using Default
The recommended git tool is: NONE
No credentials specified
 > git --version # timeout=10
 > git --version # 'git version 2.34.1'
 > git ls-remote -h -- https://github.com/Yetish519/hello-world-war.git # timeout=10
Found 1 remote heads on https://github.com/Yetish519/hello-world-war.git
[poll] Latest remote head revision on refs/heads/master is: 6b0a7717de2becab7a8e29da73c94f6e37e7ce6f
Using strategy: Default
[poll] Last Built Revision: Revision 646ebf696d35b19a790ae3278a38f9bbd18d94f0 (refs/remotes/origin/master)
Selected Git installation does not exist. Using Default
The recommended git tool is: NONE
No credentials specified
 > git --version # timeout=10
 > git --version # 'git version 2.34.1'
 > git ls-remote -h -- https://github.com/Yetish519/hello-world-war.git # timeout=10
Found 1 remote heads on https://github.com/Yetish519/hello-world-war.git
[poll] Latest remote head revision on refs/heads/master is: 6b0a7717de2becab7a8e29da73c94f6e37e7ce6f
Done. Took 1.3 sec
Changes found
