Started on Dec 2, 2022, 7:35:38 AM
Started by event from 140.82.115.117 ⇒ http://3.110.154.98:8080/github-webhook/ on Fri Dec 02 07:35:38 UTC 2022
Using strategy: Default
[poll] Last Built Revision: Revision 6b0a7717de2becab7a8e29da73c94f6e37e7ce6f (refs/remotes/origin/master)
Selected Git installation does not exist. Using Default
The recommended git tool is: NONE
No credentials specified
 > git --version # timeout=10
 > git --version # 'git version 2.34.1'
 > git ls-remote -h -- https://github.com/Yetish519/hello-world-war.git # timeout=10
Found 1 remote heads on https://github.com/Yetish519/hello-world-war.git
[poll] Latest remote head revision on refs/heads/master is: 75d41e42e7ec302c8798f1086544975445ee77ee
Using strategy: Default
[poll] Last Built Revision: Revision 6b0a7717de2becab7a8e29da73c94f6e37e7ce6f (refs/remotes/origin/master)
Selected Git installation does not exist. Using Default
The recommended git tool is: NONE
No credentials specified
 > git --version # timeout=10
 > git --version # 'git version 2.34.1'
 > git ls-remote -h -- https://github.com/Yetish519/hello-world-war.git # timeout=10
Found 1 remote heads on https://github.com/Yetish519/hello-world-war.git
[poll] Latest remote head revision on refs/heads/master is: 75d41e42e7ec302c8798f1086544975445ee77ee
Done. Took 1.6 sec
Changes found
