Started on Dec 2, 2022, 7:52:36 AM
Started by event from 140.82.115.94 ⇒ http://3.110.154.98:8080/github-webhook/ on Fri Dec 02 07:52:36 UTC 2022
Using strategy: Default
[poll] Last Built Revision: Revision be1a59860fad53428f142b8cd1bd75508d9dfe67 (refs/remotes/origin/master)
Selected Git installation does not exist. Using Default
The recommended git tool is: NONE
No credentials specified
 > git --version # timeout=10
 > git --version # 'git version 2.34.1'
 > git ls-remote -h -- https://github.com/Yetish519/hello-world-war.git # timeout=10
Found 1 remote heads on https://github.com/Yetish519/hello-world-war.git
[poll] Latest remote head revision on refs/heads/master is: 7c9e41e6e0f926abcabbe6bdd6e2d71b8e4a999d
Using strategy: Default
[poll] Last Built Revision: Revision be1a59860fad53428f142b8cd1bd75508d9dfe67 (refs/remotes/origin/master)
Selected Git installation does not exist. Using Default
The recommended git tool is: NONE
No credentials specified
 > git --version # timeout=10
 > git --version # 'git version 2.34.1'
 > git ls-remote -h -- https://github.com/Yetish519/hello-world-war.git # timeout=10
Found 1 remote heads on https://github.com/Yetish519/hello-world-war.git
[poll] Latest remote head revision on refs/heads/master is: 7c9e41e6e0f926abcabbe6bdd6e2d71b8e4a999d
Done. Took 1.2 sec
Changes found
