Started on Dec 2, 2022, 7:46:51 AM
Started by event from 140.82.115.110 ⇒ http://3.110.154.98:8080/github-webhook/ on Fri Dec 02 07:46:51 UTC 2022
Using strategy: Default
[poll] Last Built Revision: Revision 6b0a7717de2becab7a8e29da73c94f6e37e7ce6f (refs/remotes/origin/master)
Selected Git installation does not exist. Using Default
The recommended git tool is: NONE
No credentials specified
 > git --version # timeout=10
 > git --version # 'git version 2.34.1'
 > git ls-remote -h -- https://github.com/Yetish519/hello-world-war.git # timeout=10
Found 1 remote heads on https://github.com/Yetish519/hello-world-war.git
[poll] Latest remote head revision on refs/heads/master is: 880b7e481f1a93a62b636aed079a4ed7167875cc
Using strategy: Default
[poll] Last Built Revision: Revision 6b0a7717de2becab7a8e29da73c94f6e37e7ce6f (refs/remotes/origin/master)
Selected Git installation does not exist. Using Default
The recommended git tool is: NONE
No credentials specified
 > git --version # timeout=10
 > git --version # 'git version 2.34.1'
 > git ls-remote -h -- https://github.com/Yetish519/hello-world-war.git # timeout=10
Found 1 remote heads on https://github.com/Yetish519/hello-world-war.git
[poll] Latest remote head revision on refs/heads/master is: 880b7e481f1a93a62b636aed079a4ed7167875cc
Done. Took 1.3 sec
Changes found
