Started at Sat Dec 03 05:21:56 UTC 2022
Processing first_pipeline
Offering first_pipeline to Project Build Discarder
Processing jenkins_backup
Offering jenkins_backup to Project Build Discarder
Processing my_first_job
Offering my_first_job to Project Build Discarder
Processing my_second_job
Offering my_second_job to Project Build Discarder
Processing my_third_job
Offering my_third_job to Project Build Discarder
Processing pipeline_delarative
Offering pipeline_delarative to Project Build Discarder
Processing second_pipeline
Offering second_pipeline to Project Build Discarder
Processing tomcat and maven
Offering tomcat and maven to Project Build Discarder
Processing tomcat_build
Offering tomcat_build to Project Build Discarder
Processing Multibranch/New-branch-test
Offering Multibranch/New-branch-test to Project Build Discarder
Processing Multibranch/master
Offering Multibranch/master to Project Build Discarder
Finished at Sat Dec 03 05:21:56 UTC 2022. 33ms
